<?xml version="1.0" encoding="UTF-8"?>
<!-- Generated by org.testng.reporters.JUnitReportReporter -->
<testsuite hostname="DESKTOP-POF9692" failures="0" tests="1" name="cts.testing.practice.ExtentReportDemo" time="0.733" errors="0" timestamp="2020-03-28T09:59:47 IST" skipped="0">
  <testcase classname="cts.testing.practice.ExtentReportDemo" name="loginTest" time="0.733"/>
  <system-out/>
</testsuite> <!-- cts.testing.practice.ExtentReportDemo -->
