<?xml version="1.0" encoding="UTF-8"?>
<!-- Generated by org.testng.reporters.JUnitReportReporter -->
<testsuite hostname="DESKTOP-POF9692" failures="0" tests="1" name="cts.testing.practice.TestSelenium" time="0.006" errors="0" timestamp="2020-03-25T18:38:59 IST" skipped="0">
  <testcase classname="cts.testing.practice.TestSelenium" name="testconfig" time="0.006"/>
  <system-out/>
</testsuite> <!-- cts.testing.practice.TestSelenium -->
