<?xml version="1.0" encoding="UTF-8"?>
<!-- Generated by org.testng.reporters.JUnitReportReporter -->
<testsuite hostname="DESKTOP-POF9692" failures="0" tests="1" name="cts.miniproject.test.TestSeleniumInChrome" time="8.455" errors="0" timestamp="2020-03-25T20:20:45 IST" skipped="0">
  <testcase classname="cts.miniproject.test.TestSeleniumInChrome" name="testchrome" time="8.455"/>
  <system-out/>
</testsuite> <!-- cts.miniproject.test.TestSeleniumInChrome -->
