<?xml version="1.0" encoding="UTF-8"?>
<!-- Generated by org.testng.reporters.JUnitReportReporter -->
<testsuite hostname="DESKTOP-POF9692" failures="0" tests="3" name="cts.testing.practice.Parallel2" time="0.015" errors="0" timestamp="2020-03-24T16:45:17 IST" skipped="0">
  <testcase classname="cts.testing.practice.Parallel2" name="testcase4" time="0.010"/>
  <system-out/>
  <testcase classname="cts.testing.practice.Parallel2" name="testcase6" time="0.001"/>
  <system-out/>
  <testcase classname="cts.testing.practice.Parallel2" name="testcase5" time="0.004"/>
  <system-out/>
</testsuite> <!-- cts.testing.practice.Parallel2 -->
