<?xml version="1.0" encoding="UTF-8"?>
<!-- Generated by org.testng.reporters.JUnitReportReporter -->
<testsuite hostname="DESKTOP-POF9692" failures="0" tests="2" name="cts.miniproject.test.ValidAndInvalidLogin" time="33.749" errors="0" timestamp="2020-03-25T20:19:34 IST" skipped="0">
  <testcase classname="cts.miniproject.test.ValidAndInvalidLogin" name="validlogin" time="17.864"/>
  <system-out/>
  <testcase classname="cts.miniproject.test.ValidAndInvalidLogin" name="Invalidlogin" time="15.885"/>
  <system-out/>
</testsuite> <!-- cts.miniproject.test.ValidAndInvalidLogin -->
