<?xml version="1.0" encoding="UTF-8"?>
<!-- Generated by org.testng.reporters.JUnitReportReporter -->
<testsuite hostname="DESKTOP-POF9692" failures="0" tests="1" name="cts.miniproject.test.VerifyWordpressLoginPageFactory1" time="26.797" errors="0" timestamp="2020-03-26T21:22:36 IST" skipped="0">
  <testcase classname="cts.miniproject.test.VerifyWordpressLoginPageFactory1" name="checkValidUser" time="26.797"/>
  <system-out/>
</testsuite> <!-- cts.miniproject.test.VerifyWordpressLoginPageFactory1 -->
