<?xml version="1.0" encoding="UTF-8"?>
<!-- Generated by org.testng.reporters.JUnitReportReporter -->
<testsuite hostname="DESKTOP-POF9692" failures="0" tests="1" name="cts.testing.practice.ExtentReportDemo1" time="0.449" errors="0" timestamp="2020-03-28T11:01:24 IST" skipped="0">
  <testcase classname="cts.testing.practice.ExtentReportDemo1" name="loginTest" time="0.449"/>
  <system-out/>
</testsuite> <!-- cts.testing.practice.ExtentReportDemo1 -->
