<?xml version="1.0" encoding="UTF-8"?>
<!-- Generated by org.testng.reporters.JUnitReportReporter -->
<testsuite hostname="DESKTOP-POF9692" failures="0" tests="3" name="cts.testing.practice.Parallel1" time="0.027" errors="0" timestamp="2020-03-24T16:45:17 IST" skipped="0">
  <testcase classname="cts.testing.practice.Parallel1" name="testcase2" time="0.009"/>
  <system-out/>
  <testcase classname="cts.testing.practice.Parallel1" name="testcase1" time="0.009"/>
  <system-out/>
  <testcase classname="cts.testing.practice.Parallel1" name="testcase3" time="0.009"/>
  <system-out/>
</testsuite> <!-- cts.testing.practice.Parallel1 -->
