<?xml version="1.0" encoding="UTF-8"?>
<!-- Generated by org.testng.reporters.JUnitReportReporter -->
<testsuite hostname="DESKTOP-POF9692" failures="0" tests="1" name="cts.practicing.seleniumprograms.LoginScript" time="13.522" errors="0" timestamp="2020-03-25T16:36:15 IST" skipped="0">
  <testcase classname="cts.practicing.seleniumprograms.LoginScript" name="f" time="13.522"/>
  <system-out/>
</testsuite> <!-- cts.practicing.seleniumprograms.LoginScript -->
