<?xml version="1.0" encoding="UTF-8"?>
<!-- Generated by org.testng.reporters.JUnitReportReporter -->
<testsuite hostname="DESKTOP-POF9692" failures="0" tests="1" name="cts.miniproject.test.VerifyWordpressLogin1" time="19.095" errors="0" timestamp="2020-03-26T11:32:50 IST" skipped="0">
  <testcase classname="cts.miniproject.test.VerifyWordpressLogin1" name="verifyValidLogin" time="19.095"/>
  <system-out/>
</testsuite> <!-- cts.miniproject.test.VerifyWordpressLogin1 -->
