<?xml version="1.0" encoding="UTF-8"?>
<!-- Generated by org.testng.reporters.JUnitReportReporter -->
<testsuite hostname="DESKTOP-POF9692" failures="0" tests="5" name="cts.testing.practice.Display" time="0.012" errors="0" timestamp="2020-03-24T14:50:33 IST" skipped="0">
  <testcase classname="cts.testing.practice.Display" name="customer1" time="0.001"/>
  <system-out/>
  <testcase classname="cts.testing.practice.Display" name="admin2" time="0.001"/>
  <system-out/>
  <testcase classname="cts.testing.practice.Display" name="admin1" time="0.008"/>
  <system-out/>
  <testcase classname="cts.testing.practice.Display" name="customer3" time="0.001"/>
  <system-out/>
  <testcase classname="cts.testing.practice.Display" name="customer2" time="0.001"/>
  <system-out/>
</testsuite> <!-- cts.testing.practice.Display -->
